170427 04:32:21 mysqld_safe Starting mysqld daemon with databases from /var/lib/mysql
170427  4:32:21 [Warning] Using unique option prefix key_buffer instead of key_buffer_size is deprecated and will be removed in a future release. Please use the full name instead.
170427  4:32:21 [Note] /usr/sbin/mysqld (mysqld 5.5.49-0+deb8u1) starting as process 617 ...
170427  4:32:21 [Warning] Using unique option prefix myisam-recover instead of myisam-recover-options is deprecated and will be removed in a future release. Please use the full name instead.
170427  4:32:21 [Note] Plugin 'FEDERATED' is disabled.
170427  4:32:21 InnoDB: The InnoDB memory heap is disabled
170427  4:32:21 InnoDB: Mutexes and rw_locks use GCC atomic builtins
170427  4:32:21 InnoDB: Compressed tables use zlib 1.2.8
170427  4:32:21 InnoDB: Using Linux native AIO
170427  4:32:21 InnoDB: Initializing buffer pool, size = 8.0M
170427  4:32:21 InnoDB: Completed initialization of buffer pool
170427  4:32:21 InnoDB: highest supported file format is Barracuda.
170427  4:32:21  InnoDB: Waiting for the background threads to start
170427  4:32:22 InnoDB: 5.5.49 started; log sequence number 1595675
170427  4:32:22 [Note] Server hostname (bind-address): '0.0.0.0'; port: 3306
170427  4:32:22 [Note]   - '0.0.0.0' resolves to '0.0.0.0';
170427  4:32:22 [Note] Server socket created on IP: '0.0.0.0'.
170427  4:32:22 [ERROR] /usr/sbin/mysqld: Table './mysql/user' is marked as crashed and should be repaired
170427  4:32:22 [Warning] Checking table:   './mysql/user'
170427  4:32:22 [ERROR] 1 client is using or hasn't closed the table properly
170427  4:32:22 [Note] Event Scheduler: Loaded 0 events
170427  4:32:22 [Note] /usr/sbin/mysqld: ready for connections.
Version: '5.5.49-0+deb8u1'  socket: '/var/run/mysqld/mysqld.sock'  port: 3306  (Debian)
170427 14:48:36 mysqld_safe Starting mysqld daemon with databases from /var/lib/mysql
170427 14:48:36 [Warning] Using unique option prefix key_buffer instead of key_buffer_size is deprecated and will be removed in a future release. Please use the full name instead.
170427 14:48:36 [Note] /usr/sbin/mysqld (mysqld 5.5.49-0+deb8u1) starting as process 430 ...
170427 14:48:36 [Warning] Using unique option prefix myisam-recover instead of myisam-recover-options is deprecated and will be removed in a future release. Please use the full name instead.
170427 14:48:36 [Note] Plugin 'FEDERATED' is disabled.
170427 14:48:36 InnoDB: The InnoDB memory heap is disabled
170427 14:48:36 InnoDB: Mutexes and rw_locks use GCC atomic builtins
170427 14:48:36 InnoDB: Compressed tables use zlib 1.2.8
170427 14:48:36 InnoDB: Using Linux native AIO
170427 14:48:36 InnoDB: Initializing buffer pool, size = 8.0M
170427 14:48:36 InnoDB: Completed initialization of buffer pool
170427 14:48:36 InnoDB: highest supported file format is Barracuda.
InnoDB: The log sequence number in ibdata files does not match
InnoDB: the log sequence number in the ib_logfiles!
170427 14:48:36  InnoDB: Database was not shut down normally!
InnoDB: Starting crash recovery.
InnoDB: Reading tablespace information from the .ibd files...
InnoDB: Restoring possible half-written data pages from the doublewrite
InnoDB: buffer...
170427 14:48:36  InnoDB: Waiting for the background threads to start
170427 14:48:37 InnoDB: 5.5.49 started; log sequence number 2984379
170427 14:48:37 [Note] Server hostname (bind-address): '0.0.0.0'; port: 3306
170427 14:48:37 [Note]   - '0.0.0.0' resolves to '0.0.0.0';
170427 14:48:37 [Note] Server socket created on IP: '0.0.0.0'.
170427 14:48:37 [ERROR] /usr/sbin/mysqld: Table './mysql/user' is marked as crashed and should be repaired
170427 14:48:37 [Warning] Checking table:   './mysql/user'
170427 14:48:37 [ERROR] 1 client is using or hasn't closed the table properly
170427 14:48:37 [Note] Event Scheduler: Loaded 0 events
170427 14:48:37 [Note] /usr/sbin/mysqld: ready for connections.
Version: '5.5.49-0+deb8u1'  socket: '/var/run/mysqld/mysqld.sock'  port: 3306  (Debian)
170427 14:48:40 [ERROR] /usr/sbin/mysqld: Table './mysql/proc' is marked as crashed and should be repaired
170427 14:48:40 [Warning] Checking table:   './mysql/proc'
